<?xml version="1.0" encoding="UTF-8"?>
<!-- Generated by org.testng.reporters.JUnitReportReporter -->
<testsuite hostname="ubuntu" name="com.podcastcatalog.api.response.PodCastBundleTest" tests="1" failures="0" timestamp="8 Nov 2016 13:39:17 GMT" time="0.157" errors="0">
  <testcase name="to_JSON" time="0.157" classname="com.podcastcatalog.api.response.PodCastBundleTest"/>
</testsuite> <!-- com.podcastcatalog.api.response.PodCastBundleTest -->
