<?xml version="1.0" encoding="UTF-8"?>
<!-- Generated by org.testng.reporters.JUnitReportReporter -->
<testsuite hostname="Miguels-MacBook-Pro.local" name="com.podcastcatalog.api.response.PodCastBundleTest" tests="1" failures="0" timestamp="19 Sep 2016 16:18:31 GMT" time="0.003" errors="0">
  <testcase name="to_JSON" time="0.003" classname="com.podcastcatalog.api.response.PodCastBundleTest"/>
</testsuite> <!-- com.podcastcatalog.api.response.PodCastBundleTest -->
